{"/Users/amey.mirashi/Desktop/Task Manager /Task_Manager/src/components/TaskForm.tsx": {"path":"/Users/amey.mirashi/Desktop/Task Manager /Task_Manager/src/components/TaskForm.tsx","statementMap":{"0":{"start":{"line":12,"column":16},"end":{"line":12,"column":40}},"1":{"start":{"line":18,"column":8},"end":{"line":26,"column":null}},"2":{"start":{"line":19,"column":4},"end":{"line":19,"column":null}},"3":{"start":{"line":22,"column":20},"end":{"line":22,"column":32}},"4":{"start":{"line":24,"column":4},"end":{"line":26,"column":null}},"5":{"start":{"line":25,"column":6},"end":{"line":25,"column":null}},"6":{"start":{"line":26,"column":6},"end":{"line":26,"column":null}},"7":{"start":{"line":31,"column":2},"end":{"line":42,"column":null}},"8":{"start":{"line":36,"column":25},"end":{"line":36,"column":49}}},"fnMap":{"0":{"name":"TaskForm","decl":{"start":{"line":11,"column":24},"end":{"line":11,"column":33}},"loc":{"start":{"line":11,"column":63},"end":{"line":42,"column":null}},"line":11},"1":{"name":"(anonymous_1)","decl":{"start":{"line":18,"column":8},"end":{"line":18,"column":24}},"loc":{"start":{"line":18,"column":64},"end":{"line":26,"column":null}},"line":18},"2":{"name":"(anonymous_2)","decl":{"start":{"line":36,"column":8},"end":{"line":36,"column":19}},"loc":{"start":{"line":36,"column":25},"end":{"line":36,"column":49}},"line":36}},"branchMap":{"0":{"loc":{"start":{"line":24,"column":4},"end":{"line":26,"column":null}},"type":"if","locations":[{"start":{"line":24,"column":4},"end":{"line":26,"column":null}},{"start":{},"end":{}}],"line":24}},"s":{"0":45,"1":45,"2":5,"3":5,"4":5,"5":3,"6":3,"7":45,"8":38},"f":{"0":45,"1":5,"2":38},"b":{"0":[3,2]},"meta":{"lastBranch":1,"lastFunction":3,"lastStatement":9,"seen":{"f:11:24:11:33":0,"s:12:16:12:40":0,"s:18:8:26:Infinity":1,"f:18:8:18:24":1,"s:19:4:19:Infinity":2,"s:22:20:22:32":3,"b:24:4:26:Infinity:undefined:undefined:undefined:undefined":0,"s:24:4:26:Infinity":4,"s:25:6:25:Infinity":5,"s:26:6:26:Infinity":6,"s:31:2:42:Infinity":7,"f:36:8:36:19":2,"s:36:25:36:49":8}}}
,"/Users/amey.mirashi/Desktop/Task Manager /Task_Manager/src/components/TaskItem.tsx": {"path":"/Users/amey.mirashi/Desktop/Task Manager /Task_Manager/src/components/TaskItem.tsx","statementMap":{"0":{"start":{"line":14,"column":2},"end":{"line":36,"column":null}},"1":{"start":{"line":21,"column":26},"end":{"line":21,"column":43}},"2":{"start":{"line":31,"column":23},"end":{"line":31,"column":40}}},"fnMap":{"0":{"name":"TaskItem","decl":{"start":{"line":13,"column":24},"end":{"line":13,"column":33}},"loc":{"start":{"line":13,"column":78},"end":{"line":36,"column":null}},"line":13},"1":{"name":"(anonymous_1)","decl":{"start":{"line":21,"column":10},"end":{"line":21,"column":26}},"loc":{"start":{"line":21,"column":26},"end":{"line":21,"column":43}},"line":21},"2":{"name":"(anonymous_2)","decl":{"start":{"line":31,"column":8},"end":{"line":31,"column":23}},"loc":{"start":{"line":31,"column":23},"end":{"line":31,"column":40}},"line":31}},"branchMap":{"0":{"loc":{"start":{"line":25,"column":25},"end":{"line":25,"column":null}},"type":"cond-expr","locations":[{"start":{"line":25,"column":42},"end":{"line":25,"column":66}},{"start":{"line":25,"column":66},"end":{"line":25,"column":null}}],"line":25}},"s":{"0":2,"1":0,"2":0},"f":{"0":2,"1":0,"2":0},"b":{"0":[1,1]},"meta":{"lastBranch":1,"lastFunction":3,"lastStatement":3,"seen":{"f:13:24:13:33":0,"s:14:2:36:Infinity":0,"f:21:10:21:26":1,"s:21:26:21:43":1,"b:25:42:25:66:25:66:25:Infinity":0,"f:31:8:31:23":2,"s:31:23:31:40":2}}}
,"/Users/amey.mirashi/Desktop/Task Manager /Task_Manager/src/components/TaskList.tsx": {"path":"/Users/amey.mirashi/Desktop/Task Manager /Task_Manager/src/components/TaskList.tsx","statementMap":{"0":{"start":{"line":16,"column":2},"end":{"line":17,"column":null}},"1":{"start":{"line":17,"column":4},"end":{"line":17,"column":null}},"2":{"start":{"line":20,"column":2},"end":{"line":30,"column":null}},"3":{"start":{"line":23,"column":8},"end":{"line":28,"column":null}}},"fnMap":{"0":{"name":"TaskList","decl":{"start":{"line":14,"column":24},"end":{"line":14,"column":33}},"loc":{"start":{"line":14,"column":79},"end":{"line":30,"column":null}},"line":14},"1":{"name":"(anonymous_1)","decl":{"start":{"line":22,"column":13},"end":{"line":22,"column":18}},"loc":{"start":{"line":23,"column":8},"end":{"line":28,"column":null}},"line":23}},"branchMap":{"0":{"loc":{"start":{"line":16,"column":2},"end":{"line":17,"column":null}},"type":"if","locations":[{"start":{"line":16,"column":2},"end":{"line":17,"column":null}},{"start":{},"end":{}}],"line":16}},"s":{"0":2,"1":1,"2":1,"3":2},"f":{"0":2,"1":2},"b":{"0":[1,1]},"meta":{"lastBranch":1,"lastFunction":2,"lastStatement":4,"seen":{"f:14:24:14:33":0,"b:16:2:17:Infinity:undefined:undefined:undefined:undefined":0,"s:16:2:17:Infinity":0,"s:17:4:17:Infinity":1,"s:20:2:30:Infinity":2,"f:22:13:22:18":1,"s:23:8:28:Infinity":3}}}
}
